<?xml version="1.0" encoding="UTF-8"?>
<!-- Generated by org.testng.reporters.JUnitXMLReporter -->
<testsuite hostname="DESKTOP-5NKFECA" failures="0" tests="9" name="Surefire test" time="113.061" errors="0" timestamp="4 Mar 2024 14:49:17 GMT">
  <testcase classname="Selleniun_start_projects.Selleniun_start_projects.AppTest" name="Test1 on Test1(Selleniun_start_projects.Selleniun_start_projects.AppTest)" time="3.311"/>
  <testcase classname="Selleniun_start_projects.Selleniun_start_projects.AppTest" name="Test2 on Test2(Selleniun_start_projects.Selleniun_start_projects.AppTest)" time="2.954"/>
  <testcase classname="Selleniun_start_projects.Selleniun_start_projects.AppTest" name="Test3 on Test3(Selleniun_start_projects.Selleniun_start_projects.AppTest)" time="4.564"/>
  <testcase classname="Selleniun_start_projects.Selleniun_start_projects.AppTest" name="Test4 on Test4(Selleniun_start_projects.Selleniun_start_projects.AppTest)" time="4.544"/>
  <testcase classname="Selleniun_start_projects.Selleniun_start_projects.AppTest" name="Test5 on Test5(Selleniun_start_projects.Selleniun_start_projects.AppTest)" time="8.032"/>
  <testcase classname="Selleniun_start_projects.Selleniun_start_projects.AppTest" name="Test6 on Test6(Selleniun_start_projects.Selleniun_start_projects.AppTest)" time="12.573"/>
  <testcase classname="Selleniun_start_projects.Selleniun_start_projects.AppTest" name="Test7 on Test7(Selleniun_start_projects.Selleniun_start_projects.AppTest)" time="52.152"/>
  <testcase classname="Selleniun_start_projects.Selleniun_start_projects.AppTest" name="Test8 on Test8(Selleniun_start_projects.Selleniun_start_projects.AppTest)" time="21.782"/>
  <testcase classname="Selleniun_start_projects.Selleniun_start_projects.AppTest" name="Test9 on Test9(Selleniun_start_projects.Selleniun_start_projects.AppTest)" time="3.113"/>
</testsuite> <!-- Surefire test -->
